0 info it worked if it ends with ok
1 verbose cli [ '/usr/local/Cellar/node/8.6.0/bin/node',
1 verbose cli   '/usr/local/bin/npm',
1 verbose cli   'run',
1 verbose cli   'pack' ]
2 info using npm@4.1.2
3 info using node@v7.7.4
4 verbose run-script [ 'prepack', 'pack', 'postpack' ]
5 info lifecycle talk@1.0.0~prepack: talk@1.0.0
6 silly lifecycle talk@1.0.0~prepack: no script for prepack, continuing
7 info lifecycle talk@1.0.0~pack: talk@1.0.0
8 verbose lifecycle talk@1.0.0~pack: unsafe-perm in lifecycle true
9 verbose lifecycle talk@1.0.0~pack: PATH: /usr/local/lib/node_modules/npm/bin/node-gyp-bin:/Users/nickchen/Desktop/talk/node_modules/.bin:/usr/local/bin:/usr/bin:/bin:/usr/sbin:/sbin:/Applications/Postgres.app/Contents/Versions/latest/bin
10 verbose lifecycle talk@1.0.0~pack: CWD: /Users/nickchen/Desktop/talk
11 silly lifecycle talk@1.0.0~pack: Args: [ '-c', 'webpack -w' ]
12 silly lifecycle talk@1.0.0~pack: Returned: code: 1  signal: null
13 info lifecycle talk@1.0.0~pack: Failed to exec pack script
14 verbose stack Error: talk@1.0.0 pack: `webpack -w`
14 verbose stack Exit status 1
14 verbose stack     at EventEmitter.<anonymous> (/usr/local/lib/node_modules/npm/lib/utils/lifecycle.js:279:16)
14 verbose stack     at emitTwo (events.js:106:13)
14 verbose stack     at EventEmitter.emit (events.js:194:7)
14 verbose stack     at ChildProcess.<anonymous> (/usr/local/lib/node_modules/npm/lib/utils/spawn.js:40:14)
14 verbose stack     at emitTwo (events.js:106:13)
14 verbose stack     at ChildProcess.emit (events.js:194:7)
14 verbose stack     at maybeClose (internal/child_process.js:899:16)
14 verbose stack     at Process.ChildProcess._handle.onexit (internal/child_process.js:226:5)
15 verbose pkgid talk@1.0.0
16 verbose cwd /Users/nickchen/Desktop/talk
17 error Darwin 16.7.0
18 error argv "/usr/local/Cellar/node/8.6.0/bin/node" "/usr/local/bin/npm" "run" "pack"
19 error node v7.7.4
20 error npm  v4.1.2
21 error code ELIFECYCLE
22 error talk@1.0.0 pack: `webpack -w`
22 error Exit status 1
23 error Failed at the talk@1.0.0 pack script 'webpack -w'.
23 error Make sure you have the latest version of node.js and npm installed.
23 error If you do, this is most likely a problem with the talk package,
23 error not with npm itself.
23 error Tell the author that this fails on your system:
23 error     webpack -w
23 error You can get information on how to open an issue for this project with:
23 error     npm bugs talk
23 error Or if that isn't available, you can get their info via:
23 error     npm owner ls talk
23 error There is likely additional logging output above.
24 verbose exit [ 1, true ]
